<?xml version="1.0" encoding="UTF-8"?>
<!-- Generated by org.testng.reporters.JUnitXMLReporter -->
<testsuite ignored="0" hostname="DESKTOP-QI93TJ4" failures="0" tests="7" name="Default test" time="175.882" errors="0" timestamp="2022-05-06T11:22:17 IST">
  <testcase classname="com.sgtetsing.dataprovider.Createuser" name="launchBrowser" time="77.463"/>
  <testcase classname="com.sgtetsing.dataprovider.Createuser" name="navigate" time="20.912"/>
  <testcase classname="com.sgtetsing.dataprovider.Createuser" name="login" time="38.963"/>
  <testcase classname="com.sgtetsing.dataprovider.Createuser" name="createuser" time="33.12"/>
  <testcase classname="com.sgtetsing.dataprovider.Createuser" name="DeleteUser" time="1.134"/>
  <testcase classname="com.sgtetsing.dataprovider.Createuser" name="Logout" time="1.148"/>
  <testcase classname="com.sgtetsing.dataprovider.Createuser" name="CloseApplication" time="3.047"/>
</testsuite> <!-- Default test -->
