<?xml version="1.0" encoding="UTF-8"?>
<!-- Generated by org.testng.reporters.JUnitXMLReporter -->
<testsuite ignored="0" hostname="DESKTOP-QI93TJ4" failures="0" tests="59" name="Create User" time="200.442" errors="0" timestamp="2022-04-24T13:06:16 IST">
  <testcase classname="com.sgtetsing.dataprovider.LoginLogout" name="launchBrowser" time="3.376"/>
  <testcase classname="com.sgtetsing.dataprovider.LoginLogout" name="navigate" time="6.85"/>
  <testcase classname="com.sgtetsing.dataprovider.LoginLogout" name="login" time="9.755"/>
  <testcase classname="com.sgtetsing.dataprovider.LoginLogout" name="login" time="8.662"/>
  <testcase classname="com.sgtetsing.dataprovider.LoginLogout" name="login" time="8.597"/>
  <testcase classname="com.sgtetsing.dataprovider.LoginLogout" name="closeApplication" time="0.467"/>
  <testcase classname="com.sgtetsing.dataprovider.Scenario2" name="LaunchBrowser" time="2.019"/>
  <testcase classname="com.sgtetsing.dataprovider.Scenario2" name="navigate" time="4.78"/>
  <testcase classname="com.sgtetsing.dataprovider.Scenario2" name="Login" time="5.606"/>
  <testcase classname="com.sgtetsing.dataprovider.Scenario2" name="CreateUser" time="12.172"/>
  <testcase classname="com.sgtetsing.dataprovider.Scenario2" name="ModifyUser" time="5.321"/>
  <testcase classname="com.sgtetsing.dataprovider.Scenario2" name="DeleteUser" time="4.413"/>
  <testcase classname="com.sgtetsing.dataprovider.Scenario2" name="Logout" time="0.244"/>
  <testcase classname="com.sgtetsing.dataprovider.Scenario2" name="CloseApplication" time="0.98"/>
  <testcase classname="com.sgtetsing.dataprovider.Scenario3" name="LaunchBrowser" time="2.866"/>
  <testcase classname="com.sgtetsing.dataprovider.Scenario3" name="navigate" time="2.629"/>
  <testcase classname="com.sgtetsing.dataprovider.Scenario3" name="Login" time="4.727"/>
  <testcase classname="com.sgtetsing.dataprovider.Scenario3" name="CreateCustomer" time="14.347"/>
  <testcase classname="com.sgtetsing.dataprovider.Scenario3" name="DeleteCustomer" time="2.719"/>
  <testcase classname="com.sgtetsing.dataprovider.Scenario3" name="Logout" time="0.523"/>
  <testcase classname="com.sgtetsing.dataprovider.Scenario3" name="CloseApplication" time="0.7"/>
  <testcase classname="com.sgtetsing.dataprovider.Scenario4" name="LaunchBrowser" time="3.64"/>
  <testcase classname="com.sgtetsing.dataprovider.Scenario4" name="navigate" time="2.391"/>
  <testcase classname="com.sgtetsing.dataprovider.Scenario4" name="Login" time="4.602"/>
  <testcase classname="com.sgtetsing.dataprovider.Scenario4" name="CreateCustomer" time="9.214"/>
  <testcase classname="com.sgtetsing.dataprovider.Scenario4" name="ModifyCustomer" time="1.128"/>
  <testcase classname="com.sgtetsing.dataprovider.Scenario4" name="DeleteCustomer" time="1.116"/>
  <testcase classname="com.sgtetsing.dataprovider.Scenario4" name="Logout" time="1.123"/>
  <testcase classname="com.sgtetsing.dataprovider.Scenario4" name="CloseApplication" time="1.744"/>
  <testcase classname="com.sgtetsing.dataprovider.Scenario5" name="LaunchBrowser" time="1.917"/>
  <testcase classname="com.sgtetsing.dataprovider.Scenario5" name="navigate" time="2.994"/>
  <testcase classname="com.sgtetsing.dataprovider.Scenario5" name="Login" time="4.526"/>
  <testcase classname="com.sgtetsing.dataprovider.Scenario5" name="CreateCustomer" time="8.748"/>
  <testcase classname="com.sgtetsing.dataprovider.Scenario5" name="CreatProject" time="1.109"/>
  <testcase classname="com.sgtetsing.dataprovider.Scenario5" name="DeleteProject" time="0.024"/>
  <testcase classname="com.sgtetsing.dataprovider.Scenario5" name="DeleteCustomer" time="1.107"/>
  <testcase classname="com.sgtetsing.dataprovider.Scenario5" name="Logout" time="1.116"/>
  <testcase classname="com.sgtetsing.dataprovider.Scenario5" name="CloseApplication" time="2.33"/>
  <testcase classname="com.sgtetsing.dataprovider.Scenario6" name="LaunchBrowser" time="2.151"/>
  <testcase classname="com.sgtetsing.dataprovider.Scenario6" name="navigate" time="2.639"/>
  <testcase classname="com.sgtetsing.dataprovider.Scenario6" name="Login" time="4.632"/>
  <testcase classname="com.sgtetsing.dataprovider.Scenario6" name="CreateCustomer" time="11.917"/>
  <testcase classname="com.sgtetsing.dataprovider.Scenario6" name="CreatProject" time="1.052"/>
  <testcase classname="com.sgtetsing.dataprovider.Scenario6" name="ModifyProject" time="0.022"/>
  <testcase classname="com.sgtetsing.dataprovider.Scenario6" name="DeleteProject" time="0.013"/>
  <testcase classname="com.sgtetsing.dataprovider.Scenario6" name="DeleteCustomer" time="1.116"/>
  <testcase classname="com.sgtetsing.dataprovider.Scenario6" name="Logout" time="1.066"/>
  <testcase classname="com.sgtetsing.dataprovider.Scenario6" name="CloseApplication" time="0.844"/>
  <testcase classname="com.sgtetsing.dataprovider.Scenario7" name="LaunchBrowser" time="2.667"/>
  <testcase classname="com.sgtetsing.dataprovider.Scenario7" name="navigate" time="2.471"/>
  <testcase classname="com.sgtetsing.dataprovider.Scenario7" name="Login" time="4.373"/>
  <testcase classname="com.sgtetsing.dataprovider.Scenario7" name="CreateCustomer" time="8.718"/>
  <testcase classname="com.sgtetsing.dataprovider.Scenario7" name="CreatProject" time="1.075"/>
  <testcase classname="com.sgtetsing.dataprovider.Scenario7" name="CreateTask" time="1.121"/>
  <testcase classname="com.sgtetsing.dataprovider.Scenario7" name="DeleteTask" time="0.02"/>
  <testcase classname="com.sgtetsing.dataprovider.Scenario7" name="DeleteProject" time="0.015"/>
  <testcase classname="com.sgtetsing.dataprovider.Scenario7" name="DeleteCustomer" time="1.053"/>
  <testcase classname="com.sgtetsing.dataprovider.Scenario7" name="Logout" time="1.105"/>
  <testcase classname="com.sgtetsing.dataprovider.Scenario7" name="CloseApplication" time="1.562"/>
</testsuite> <!-- Create User -->
